2019-12-05 10:15:35 INFO  Framework_Implementation:17 - URL Opened
2019-12-05 10:15:35 INFO  Framework_Implementation:20 - Username entered
2019-12-05 10:15:35 INFO  Framework_Implementation:22 - Password entered
2019-12-05 10:15:37 INFO  Framework_Implementation:29 - Login test passed
2019-12-05 10:20:13 INFO  Framework_Implementation:17 - URL Opened
2019-12-05 10:20:13 INFO  Framework_Implementation:20 - Username entered
2019-12-05 10:20:13 INFO  Framework_Implementation:22 - Password entered
2019-12-05 10:20:16 INFO  Framework_Implementation:29 - Login test passed
2019-12-05 10:32:19 INFO  Framework_Implementation:17 - URL Opened
2019-12-05 10:32:20 INFO  Framework_Implementation:20 - Username entered
2019-12-05 10:32:20 INFO  Framework_Implementation:22 - Password entered
2019-12-05 10:32:25 INFO  Framework_Implementation:29 - Login test passed
2019-12-05 10:44:31 INFO  Framework_Implementation:17 - URL Opened
2019-12-05 10:44:32 INFO  Framework_Implementation:20 - Username entered
2019-12-05 10:44:32 INFO  Framework_Implementation:22 - Password entered
2019-12-05 10:44:37 INFO  Framework_Implementation:29 - Login test passed
2019-12-05 10:51:30 INFO  Framework_Implementation:17 - URL Opened
2019-12-05 10:51:30 INFO  Framework_Implementation:20 - Username entered
2019-12-05 10:51:30 INFO  Framework_Implementation:22 - Password entered
2019-12-05 10:51:35 INFO  Framework_Implementation:29 - Login test passed
2019-12-05 10:51:55 INFO  Framework_Implementation:17 - URL Opened
2019-12-05 10:51:55 INFO  Framework_Implementation:20 - Username entered
2019-12-05 10:51:55 INFO  Framework_Implementation:22 - Password entered
2019-12-05 10:51:59 INFO  Framework_Implementation:29 - Login test passed
2019-12-05 10:54:09 INFO  Framework_Implementation:17 - URL Opened
2019-12-05 10:54:09 INFO  Framework_Implementation:20 - Username entered
2019-12-05 10:54:09 INFO  Framework_Implementation:22 - Password entered
2019-12-05 10:54:11 INFO  Framework_Implementation:29 - Login test passed
2019-12-05 10:54:35 INFO  Framework_Implementation:17 - URL Opened
2019-12-05 10:54:36 INFO  Framework_Implementation:20 - Username entered
2019-12-05 10:54:36 INFO  Framework_Implementation:22 - Password entered
2019-12-05 10:54:42 INFO  Framework_Implementation:29 - Login test passed
2019-12-05 10:55:18 INFO  Framework_Implementation:17 - URL Opened
2019-12-05 10:55:19 INFO  Framework_Implementation:20 - Username entered
2019-12-05 10:55:19 INFO  Framework_Implementation:22 - Password entered
2019-12-05 10:55:21 INFO  Framework_Implementation:29 - Login test passed
2019-12-05 10:56:09 INFO  Framework_Implementation:17 - URL Opened
2019-12-05 10:56:09 INFO  Framework_Implementation:20 - Username entered
2019-12-05 10:56:09 INFO  Framework_Implementation:22 - Password entered
2019-12-05 10:56:11 INFO  Framework_Implementation:29 - Login test passed
2019-12-05 10:57:40 INFO  Framework_Implementation:17 - URL Opened
2019-12-05 10:57:40 INFO  Framework_Implementation:20 - Username entered
2019-12-05 10:57:40 INFO  Framework_Implementation:22 - Password entered
2019-12-05 10:57:45 INFO  Framework_Implementation:29 - Login test passed
2019-12-05 10:57:54 INFO  Framework_Implementation:17 - URL Opened
2019-12-05 10:57:54 INFO  Framework_Implementation:20 - Username entered
2019-12-05 10:57:54 INFO  Framework_Implementation:22 - Password entered
2019-12-05 10:57:56 INFO  Framework_Implementation:29 - Login test passed
2019-12-05 11:22:51 INFO  Framework_Implementation:17 - URL Opened
2019-12-05 11:22:51 INFO  Framework_Implementation:20 - Username entered
2019-12-05 11:22:52 INFO  Framework_Implementation:22 - Password entered
2019-12-05 11:22:56 INFO  Framework_Implementation:29 - Login test passed
2019-12-05 11:23:09 INFO  Framework_Implementation:17 - URL Opened
2019-12-05 11:23:09 INFO  Framework_Implementation:20 - Username entered
2019-12-05 11:23:09 INFO  Framework_Implementation:22 - Password entered
2019-12-05 11:23:12 INFO  Framework_Implementation:29 - Login test passed
2019-12-05 11:43:06 INFO  Framework_Implementation:19 - URL Opened
2019-12-05 11:43:07 INFO  Framework_Implementation:22 - Username entered
2019-12-05 11:43:07 INFO  Framework_Implementation:24 - Password entered
2019-12-05 11:47:20 INFO  Framework_Implementation:19 - URL Opened
2019-12-05 11:47:20 INFO  Framework_Implementation:22 - Username entered
2019-12-05 11:47:20 INFO  Framework_Implementation:24 - Password entered
2019-12-05 13:46:42 INFO  Framework_Implementation:22 - UserName entered:::::
2019-12-05 13:46:42 INFO  Framework_Implementation:24 - Password entered:::::
2019-12-05 13:46:43 INFO  Framework_Implementation:26 - Login button clicked:::::
2019-12-05 13:52:09 INFO  Framework_Implementation:19 - URL Opened
2019-12-05 13:52:10 INFO  Framework_Implementation:22 - Username entered
2019-12-05 13:52:10 INFO  Framework_Implementation:24 - Password entered
2019-12-05 13:52:13 INFO  Framework_Implementation:31 - Login test passed
2019-12-05 13:54:26 INFO  Framework_Implementation:19 - URL Opened
2019-12-05 13:54:26 INFO  Framework_Implementation:22 - Username entered
2019-12-05 13:54:26 INFO  Framework_Implementation:24 - Password entered
2019-12-05 13:54:31 INFO  Framework_Implementation:31 - Login test passed
2019-12-05 13:56:32 INFO  Framework_Implementation:19 - URL Opened
2019-12-05 13:56:32 INFO  Framework_Implementation:22 - Username entered
2019-12-05 13:56:32 INFO  Framework_Implementation:24 - Password entered
2019-12-05 13:56:34 INFO  Framework_Implementation:31 - Login test passed
2019-12-05 13:56:52 INFO  Framework_Implementation:22 - UserName entered:::::
2019-12-05 13:56:52 INFO  Framework_Implementation:24 - Password entered:::::
2019-12-05 13:56:52 INFO  Framework_Implementation:26 - Login button clicked:::::
2019-12-05 15:08:54 INFO  Framework_Implementation:22 - UserName entered:::::
2019-12-05 15:08:55 INFO  Framework_Implementation:24 - Password entered:::::
2019-12-05 15:08:55 INFO  Framework_Implementation:26 - Login button clicked:::::
2019-12-05 15:11:32 INFO  Framework_Implementation:22 - UserName entered:::::
2019-12-05 15:11:32 INFO  Framework_Implementation:24 - Password entered:::::
2019-12-05 15:11:33 INFO  Framework_Implementation:26 - Login button clicked:::::
2019-12-05 15:15:44 INFO  Framework_Implementation:22 - UserName entered:::::
2019-12-05 15:15:44 INFO  Framework_Implementation:24 - Password entered:::::
2019-12-05 15:15:44 INFO  Framework_Implementation:26 - Login button clicked:::::
2019-12-05 15:17:09 INFO  Framework_Implementation:22 - UserName entered:::::
2019-12-05 15:17:09 INFO  Framework_Implementation:24 - Password entered:::::
2019-12-05 15:17:09 INFO  Framework_Implementation:26 - Login button clicked:::::
2019-12-05 15:28:10 INFO  Framework_Implementation:22 - UserName entered:::::
2019-12-05 15:28:10 INFO  Framework_Implementation:24 - Password entered:::::
2019-12-05 15:28:10 INFO  Framework_Implementation:26 - Login button clicked:::::
2019-12-05 15:35:38 INFO  Framework_Implementation:22 - UserName entered:::::
2019-12-05 15:35:39 INFO  Framework_Implementation:24 - Password entered:::::
2019-12-05 15:35:39 INFO  Framework_Implementation:26 - Login button clicked:::::
2019-12-05 15:37:44 INFO  Framework_Implementation:22 - UserName entered:::::
2019-12-05 15:37:44 INFO  Framework_Implementation:24 - Password entered:::::
2019-12-05 15:37:45 INFO  Framework_Implementation:26 - Login button clicked:::::
2019-12-05 15:38:25 INFO  Framework_Implementation:22 - UserName entered:::::
2019-12-05 15:38:25 INFO  Framework_Implementation:24 - Password entered:::::
2019-12-05 15:38:25 INFO  Framework_Implementation:26 - Login button clicked:::::
2019-12-05 15:41:06 INFO  Framework_Implementation:22 - UserName entered:::::
2019-12-05 15:41:06 INFO  Framework_Implementation:24 - Password entered:::::
2019-12-05 15:41:06 INFO  Framework_Implementation:26 - Login button clicked:::::
2019-12-05 17:09:08 INFO  Framework_Implementation:16 - URL Opened
2019-12-05 17:09:08 INFO  Framework_Implementation:19 - Username entered
2019-12-05 17:09:08 INFO  Framework_Implementation:21 - Password entered
2019-12-05 17:11:16 INFO  Framework_Implementation:16 - URL Opened
2019-12-05 17:11:16 INFO  Framework_Implementation:19 - Username entered
2019-12-05 17:11:16 INFO  Framework_Implementation:21 - Password entered
2019-12-05 17:12:02 INFO  Framework_Implementation:16 - URL Opened
2019-12-05 17:12:02 INFO  Framework_Implementation:19 - Username entered
2019-12-05 17:12:02 INFO  Framework_Implementation:21 - Password entered
2019-12-05 17:16:45 INFO  Framework_Implementation:16 - URL Opened
2019-12-05 17:16:45 INFO  Framework_Implementation:19 - Username entered
2019-12-05 17:16:46 INFO  Framework_Implementation:21 - Password entered
2019-12-05 17:17:48 INFO  Framework_Implementation:16 - URL Opened
2019-12-05 17:17:49 INFO  Framework_Implementation:19 - Username entered
2019-12-05 17:17:49 INFO  Framework_Implementation:21 - Password entered
2019-12-05 17:20:27 INFO  Framework_Implementation:16 - URL Opened
2019-12-05 17:20:27 INFO  Framework_Implementation:19 - Username entered
2019-12-05 17:20:28 INFO  Framework_Implementation:21 - Password entered
2019-12-05 17:21:41 INFO  Framework_Implementation:16 - URL Opened
2019-12-05 17:21:41 INFO  Framework_Implementation:19 - Username entered
2019-12-05 17:21:41 INFO  Framework_Implementation:21 - Password entered
2019-12-05 17:32:50 INFO  Framework_Implementation:16 - URL Opened
2019-12-05 17:32:50 INFO  Framework_Implementation:19 - Username entered
2019-12-05 17:32:50 INFO  Framework_Implementation:21 - Password entered
2019-12-05 18:07:52 INFO  Framework_Implementation:16 - URL Opened
2019-12-05 18:07:52 INFO  Framework_Implementation:19 - Username entered
2019-12-05 18:07:52 INFO  Framework_Implementation:21 - Password entered
2019-12-05 18:08:43 INFO  Framework_Implementation:16 - URL Opened
2019-12-05 18:08:43 INFO  Framework_Implementation:19 - Username entered
2019-12-05 18:08:43 INFO  Framework_Implementation:21 - Password entered
2019-12-05 18:10:01 INFO  Framework_Implementation:16 - URL Opened
2019-12-05 18:10:01 INFO  Framework_Implementation:19 - Username entered
2019-12-05 18:10:02 INFO  Framework_Implementation:21 - Password entered
2019-12-05 18:11:12 INFO  Framework_Implementation:16 - URL Opened
2019-12-05 18:11:12 INFO  Framework_Implementation:19 - Username entered
2019-12-05 18:11:12 INFO  Framework_Implementation:21 - Password entered
2019-12-05 18:16:30 INFO  Framework_Implementation:16 - URL Opened
2019-12-05 18:16:30 INFO  Framework_Implementation:19 - Username entered
2019-12-05 18:16:30 INFO  Framework_Implementation:21 - Password entered
2019-12-05 18:43:57 INFO  Framework_Implementation:19 - URL Opened
2019-12-05 18:43:59 INFO  Framework_Implementation:22 - Username entered
2019-12-05 18:43:59 INFO  Framework_Implementation:24 - Password entered
2019-12-05 18:44:01 INFO  Framework_Implementation:31 - Login test passed
2019-12-05 18:44:25 INFO  Framework_Implementation:16 - URL Opened
2019-12-05 18:44:25 INFO  Framework_Implementation:19 - Username entered
2019-12-05 18:44:25 INFO  Framework_Implementation:21 - Password entered
2019-12-06 11:49:46 INFO  Framework_Implementation:27 - UserName entered:::::
2019-12-06 11:49:46 INFO  Framework_Implementation:29 - Password entered:::::
2019-12-06 11:49:46 INFO  Framework_Implementation:31 - Login button clicked:::::
